<?xml version="1.0" encoding="UTF-8"?>
<!-- Generated by org.testng.reporters.JUnitReportReporter -->
<testsuite hostname="Lords" name="com.TestNG.Annotation3" tests="5" failures="0" timestamp="1 Nov 2019 09:47:51 GMT" time="0.047" errors="0">
  <testcase name="logout" time="0.000" classname="com.TestNG.Annotation3"/>
  <testcase name="login" time="0.000" classname="com.TestNG.Annotation3"/>
  <testcase name="facebook" time="0.047" classname="com.TestNG.Annotation3"/>
  <testcase name="url" time="0.000" classname="com.TestNG.Annotation3"/>
  <testcase name="register" time="0.000" classname="com.TestNG.Annotation3"/>
</testsuite> <!-- com.TestNG.Annotation3 -->
