<?xml version="1.0" encoding="UTF-8"?>
<!-- Generated by org.testng.reporters.JUnitReportReporter -->
<testsuite hostname="Lords" name="com.TestNG.Annotation2" tests="2" failures="0" timestamp="1 Nov 2019 09:30:51 GMT" time="0.015" errors="0">
  <testcase name="LoginGmail" time="0.015" classname="com.TestNG.Annotation2"/>
  <testcase name="ComposeMail" time="0.000" classname="com.TestNG.Annotation2"/>
</testsuite> <!-- com.TestNG.Annotation2 -->
