<?xml version="1.0" encoding="UTF-8"?>
<!-- Generated by org.testng.reporters.JUnitReportReporter -->
<testsuite hostname="Lords" name="com.TestNG.Annotation4" tests="3" failures="0" timestamp="1 Nov 2019 10:17:55 GMT" time="0.031" errors="0">
  <testcase name="InBox" time="0.016" classname="com.TestNG.Annotation4"/>
  <testcase name="sent" time="0.000" classname="com.TestNG.Annotation4"/>
  <testcase name="Compose" time="0.015" classname="com.TestNG.Annotation4"/>
</testsuite> <!-- com.TestNG.Annotation4 -->
