<?xml version="1.0" encoding="UTF-8"?>
<!-- Generated by org.testng.reporters.JUnitReportReporter -->
<testsuite hostname="Lords" name="com.TestNG.Annotations" tests="1" failures="0" timestamp="31 Oct 2019 05:13:00 GMT" time="0.034" errors="0">
  <testcase name="gmail" time="0.034" classname="com.TestNG.Annotations"/>
</testsuite> <!-- com.TestNG.Annotations -->
